<?xml version="1.0" encoding="UTF-8"?>
<!-- Generated by org.testng.reporters.JUnitReportReporter -->
<testsuite hostname="WINDOWS-0KUD2O4" failures="0" tests="1" name="Project.Loginpage" time="0.012" errors="0" timestamp="2021-08-16T16:47:11 IST" skipped="0">
  <testcase classname="Project.Loginpage" name="basepageNavigation" time="0.012"/>
  <system-out/>
</testsuite> <!-- Project.Loginpage -->
