<?xml version="1.0" encoding="UTF-8"?>
<!-- Generated by org.testng.reporters.JUnitReportReporter -->
<testsuite skipped="0" hostname="DESKTOP-LV43S8E" name="Project.Homepage" tests="2" failures="0" timestamp="2021-09-07T13:22:09 IST" time="8.346" errors="0">
  <testcase name="basePageNavigation" time="5.798" classname="Project.Homepage"/>
  <system-out/>
  <testcase name="basePageNavigation" time="2.548" classname="Project.Homepage"/>
  <system-out/>
</testsuite> <!-- Project.Homepage -->
