<?xml version="1.0" encoding="UTF-8"?>
<!-- Generated by org.testng.reporters.JUnitReportReporter -->
<testsuite skipped="0" hostname="DESKTOP-LV43S8E" name="Project.ValidateTitle" tests="1" failures="0" timestamp="2021-09-09T12:13:31 IST" time="0.048" errors="0">
  <testcase name="validateAppTitle" time="0.048" classname="Project.ValidateTitle"/>
  <system-out/>
</testsuite> <!-- Project.ValidateTitle -->
