<?xml version="1.0" encoding="UTF-8"?>
<!-- Generated by org.testng.reporters.JUnitReportReporter -->
<testsuite skipped="0" hostname="DESKTOP-LV43S8E" name="Project.Homepage" tests="2" failures="0" timestamp="2021-09-09T13:43:56 IST" time="13.123" errors="0">
  <testcase name="basePageNavigation" time="2.861" classname="Project.Homepage"/>
  <system-out/>
  <testcase name="basePageNavigation" time="10.262" classname="Project.Homepage"/>
  <system-out/>
</testsuite> <!-- Project.Homepage -->
